2020-07-21 08:06:16,765 [pool-1-thread-4-cr-cor-alpha-feed] [39mDEBUG[0;39m [36mr.s.c.f.l.d.TableDefinitionDaoImpl[0;39m Get table row count. Query: select count(*) from ncfv_facts_exch 
2020-07-21 08:06:18,146 [pool-1-thread-4-cr-cor-alpha-feed] [39mDEBUG[0;39m [36mr.s.c.f.l.d.TableDefinitionDaoImpl[0;39m Locking partition. Query:  lock table ncfv_facts partition for (to_date('2020-07-18', 'YYYY-MM-DD')) in share mode 
2020-07-21 08:06:18,152 [pool-1-thread-4-cr-cor-alpha-feed] [39mDEBUG[0;39m [36mr.s.c.f.l.d.TableDefinitionDaoImpl[0;39m Switching partition. Query:  alter table ncfv_facts exchange partition for (to_date('2020-07-18', 'YYYY-MM-DD'))  with table ncfv_facts_exch including indexes without validation 
2020-07-21 08:06:18,168 [pool-1-thread-4-cr-cor-alpha-feed] [31mWARN [0;39m [36mo.h.e.j.s.SqlExceptionHelper[0;39m SQL Error: 14098, SQLState: 72000 
2020-07-21 08:06:18,168 [pool-1-thread-4-cr-cor-alpha-feed] [1;31mERROR[0;39m [36mo.h.e.j.s.SqlExceptionHelper[0;39m ORA-14098: index mismatch for tables in ALTER TABLE EXCHANGE PARTITION
2020-07-21 08:06:18,644 [pool-1-thread-4-cr-cor-alpha-feed] [34mINFO [0;39m [36mr.s.c.f.a.i.FeedTypeAuditInterceptor[0;39m Feed Type failed: AuditFeedType(id=2598604, auditFeedId=245929, feedTypeName=COR_FACTS_DAILY, status=FAILED, startTime=Tue Jul 21 08:06:16 MSK 2020, finishTime=Tue Jul 21 08:06:18 MSK 2020, businessDate=Sat Jul 18 00:00:00 MSK 2020, sourceType=DATABASE, targetType=DATABASE, sourceName=ncfv_facts_exch, targetName=ncfv_facts, errorMessage=could not execute statement; nested exception is org.hibernate.exception.GenericJDBCException: could not execute statement, itemCount=null) 
2020-07-21 08:06:18,648 [pool-1-thread-4-cr-cor-alpha-feed] [1;31mERROR[0;39m [36mr.s.c.f.a.i.FeedTypeAuditInterceptor[0;39m Error running Feed Type
org.springframework.orm.jpa.JpaSystemException: could not execute statement; nested exception is org.hibernate.exception.GenericJDBCException: could not execute statement
	at org.springframework.orm.jpa.vendor.HibernateJpaDialect.convertHibernateAccessException(HibernateJpaDialect.java:351)
	at org.springframework.orm.jpa.vendor.HibernateJpaDialect.translateExceptionIfPossible(HibernateJpaDialect.java:253)
	at org.springframework.orm.jpa.AbstractEntityManagerFactoryBean.translateExceptionIfPossible(AbstractEntityManagerFactoryBean.java:527)
	at org.springframework.dao.support.ChainedPersistenceExceptionTranslator.translateExceptionIfPossible(ChainedPersistenceExceptionTranslator.java:61)
	at org.springframework.dao.support.DataAccessUtils.translateIfNecessary(DataAccessUtils.java:242)
	at org.springframework.dao.support.PersistenceExceptionTranslationInterceptor.invoke(PersistenceExceptionTranslationInterceptor.java:153)
	at org.springframework.aop.framework.ReflectiveMethodInvocation.proceed(ReflectiveMethodInvocation.java:186)
	at org.springframework.transaction.interceptor.TransactionAspectSupport.invokeWithinTransaction(TransactionAspectSupport.java:295)
	at org.springframework.transaction.interceptor.TransactionInterceptor.invoke(TransactionInterceptor.java:98)
	at org.springframework.aop.framework.ReflectiveMethodInvocation.proceed(ReflectiveMethodInvocation.java:186)
	at org.springframework.aop.framework.CglibAopProxy$DynamicAdvisedInterceptor.intercept(CglibAopProxy.java:688)
	at ru.sbt.cr.feeds.loader.dao.TableDefinitionDaoImpl$$EnhancerBySpringCGLIB$$56423ecd.switchPartition(<generated>)
	at ru.sbt.cr.feeds.loader.partition.PartitionLoaderImpl.switchExchangeTable(PartitionLoaderImpl.java:43)
	at ru.sbt.cr.feeds.loader.partition.PartitionLoaderImpl$$FastClassBySpringCGLIB$$4d408722.invoke(<generated>)
	at org.springframework.cglib.proxy.MethodProxy.invoke(MethodProxy.java:218)
	at org.springframework.aop.framework.CglibAopProxy$CglibMethodInvocation.invokeJoinpoint(CglibAopProxy.java:749)
	at org.springframework.aop.framework.ReflectiveMethodInvocation.proceed(ReflectiveMethodInvocation.java:163)
	at org.springframework.aop.aspectj.MethodInvocationProceedingJoinPoint.proceed(MethodInvocationProceedingJoinPoint.java:88)
	at ru.sbt.cr.feeds.audit.impl.FeedTypeAuditInterceptor.invoke(FeedTypeAuditInterceptor.java:46)
	at jdk.internal.reflect.GeneratedMethodAccessor306.invoke(Unknown Source)
	at java.base/jdk.internal.reflect.DelegatingMethodAccessorImpl.invoke(DelegatingMethodAccessorImpl.java:43)
	at java.base/java.lang.reflect.Method.invoke(Method.java:564)
	at org.springframework.aop.aspectj.AbstractAspectJAdvice.invokeAdviceMethodWithGivenArgs(AbstractAspectJAdvice.java:644)
	at org.springframework.aop.aspectj.AbstractAspectJAdvice.invokeAdviceMethod(AbstractAspectJAdvice.java:633)
	at org.springframework.aop.aspectj.AspectJAroundAdvice.invoke(AspectJAroundAdvice.java:70)
	at org.springframework.aop.framework.ReflectiveMethodInvocation.proceed(ReflectiveMethodInvocation.java:175)
	at org.springframework.aop.interceptor.ExposeInvocationInterceptor.invoke(ExposeInvocationInterceptor.java:93)
	at org.springframework.aop.framework.ReflectiveMethodInvocation.proceed(ReflectiveMethodInvocation.java:186)
	at org.springframework.aop.framework.CglibAopProxy$DynamicAdvisedInterceptor.intercept(CglibAopProxy.java:688)
	at ru.sbt.cr.feeds.loader.partition.PartitionLoaderImpl$$EnhancerBySpringCGLIB$$b358e9f1.switchExchangeTable(<generated>)
	at ru.sbt.cr.feeds.loader.buffer.PartitionBufferLoaderStrategy.load(PartitionBufferLoaderStrategy.java:38)
	at ru.sbt.cr.feeds.loader.strategy.DefaultDatesLoadingStrategy.lambda$load$0(DefaultDatesLoadingStrategy.java:26)
	at java.base/java.util.stream.ReferencePipeline$4$1.accept(ReferencePipeline.java:212)
	at java.base/java.util.HashMap$KeySpliterator.forEachRemaining(HashMap.java:1608)
	at java.base/java.util.stream.AbstractPipeline.copyInto(AbstractPipeline.java:484)
	at java.base/java.util.stream.AbstractPipeline.wrapAndCopyInto(AbstractPipeline.java:474)
	at java.base/java.util.stream.ReduceOps$ReduceOp.evaluateSequential(ReduceOps.java:913)
	at java.base/java.util.stream.AbstractPipeline.evaluate(AbstractPipeline.java:234)
	at java.base/java.util.stream.IntPipeline.reduce(IntPipeline.java:491)
	at java.base/java.util.stream.IntPipeline.sum(IntPipeline.java:449)
	at ru.sbt.cr.feeds.loader.strategy.DefaultDatesLoadingStrategy.load(DefaultDatesLoadingStrategy.java:27)
	at ru.sbt.cr.feeds.loader.service.FeedLoaderService.load(FeedLoaderService.java:77)
	at ru.sbt.cr.feeds.processor.post.file.BufferedTableLoadingPostProcessor.onSuccess(BufferedTableLoadingPostProcessor.java:21)
	at ru.sbt.cr.feeds.processor.impl.CompositeImportDsvPostProcessor.lambda$onSuccess$0(CompositeImportDsvPostProcessor.java:15)
	at java.base/java.util.ArrayList.forEach(ArrayList.java:1378)
	at ru.sbt.cr.feeds.processor.impl.CompositeImportDsvPostProcessor.onSuccess(CompositeImportDsvPostProcessor.java:15)
	at ru.sbt.cr.feeds.processor.FeedTypeFilesProcessorImpl.processFeedType(FeedTypeFilesProcessorImpl.java:62)
	at ru.sbt.cr.feeds.tkt.runner.TktImportFeedRunner.processFeedTypeData(TktImportFeedRunner.java:76)
	at ru.sbt.cr.feeds.tkt.runner.TktImportFeedRunner.lambda$process$1(TktImportFeedRunner.java:69)
	at java.base/java.util.stream.ReferencePipeline$3$1.accept(ReferencePipeline.java:195)
	at java.base/java.util.stream.ReferencePipeline$2$1.accept(ReferencePipeline.java:177)
	at java.base/java.util.ArrayList$ArrayListSpliterator.forEachRemaining(ArrayList.java:1492)
	at java.base/java.util.stream.AbstractPipeline.copyInto(AbstractPipeline.java:484)
	at java.base/java.util.stream.AbstractPipeline.wrapAndCopyInto(AbstractPipeline.java:474)
	at java.base/java.util.stream.ReduceOps$ReduceOp.evaluateSequential(ReduceOps.java:913)
	at java.base/java.util.stream.AbstractPipeline.evaluate(AbstractPipeline.java:234)
	at java.base/java.util.stream.ReferencePipeline.collect(ReferencePipeline.java:578)
	at ru.sbt.cr.feeds.tkt.runner.TktImportFeedRunner.process(TktImportFeedRunner.java:70)
	at ru.sbt.cr.feeds.tkt.runner.TktImportFeedRunner.runFeed(TktImportFeedRunner.java:53)
	at ru.sbt.cr.feeds.tkt.runner.TktImportFeedRunner$$FastClassBySpringCGLIB$$4c30ff47.invoke(<generated>)
	at org.springframework.cglib.proxy.MethodProxy.invoke(MethodProxy.java:218)
	at org.springframework.aop.framework.CglibAopProxy$CglibMethodInvocation.invokeJoinpoint(CglibAopProxy.java:749)
	at org.springframework.aop.framework.ReflectiveMethodInvocation.proceed(ReflectiveMethodInvocation.java:163)
	at org.springframework.aop.aspectj.MethodInvocationProceedingJoinPoint.proceed(MethodInvocationProceedingJoinPoint.java:88)
	at ru.sbt.cr.feeds.audit.impl.FeedAuditInterceptor.invoke(FeedAuditInterceptor.java:45)
	at java.base/jdk.internal.reflect.NativeMethodAccessorImpl.invoke0(Native Method)
	at java.base/jdk.internal.reflect.NativeMethodAccessorImpl.invoke(NativeMethodAccessorImpl.java:62)
	at java.base/jdk.internal.reflect.DelegatingMethodAccessorImpl.invoke(DelegatingMethodAccessorImpl.java:43)
	at java.base/java.lang.reflect.Method.invoke(Method.java:564)
	at org.springframework.aop.aspectj.AbstractAspectJAdvice.invokeAdviceMethodWithGivenArgs(AbstractAspectJAdvice.java:644)
	at org.springframework.aop.aspectj.AbstractAspectJAdvice.invokeAdviceMethod(AbstractAspectJAdvice.java:633)
	at org.springframework.aop.aspectj.AspectJAroundAdvice.invoke(AspectJAroundAdvice.java:70)
	at org.springframework.aop.framework.ReflectiveMethodInvocation.proceed(ReflectiveMethodInvocation.java:175)
	at org.springframework.aop.interceptor.ExposeInvocationInterceptor.invoke(ExposeInvocationInterceptor.java:93)
	at org.springframework.aop.framework.ReflectiveMethodInvocation.proceed(ReflectiveMethodInvocation.java:186)
	at org.springframework.aop.framework.CglibAopProxy$DynamicAdvisedInterceptor.intercept(CglibAopProxy.java:688)
	at ru.sbt.cr.feeds.tkt.runner.TktImportFeedRunner$$EnhancerBySpringCGLIB$$43b01180.runFeed(<generated>)
	at ru.sbt.cr.feeds.ImportFeed.run(ImportFeed.java:28)
	at tasks.runner.TaskProviderImpl$Task.lambda$run$3(TaskProviderImpl.java:70)
	at tasks.runner.TaskProviderImpl$Task.withinTaskClassloader(TaskProviderImpl.java:83)
	at tasks.runner.TaskProviderImpl$Task.run(TaskProviderImpl.java:69)
	at tasks.runner.TaskProviderImpl.run(TaskProviderImpl.java:31)
	at tasks.runner.TaskExecutorImpl.lambda$runTask$0(TaskExecutorImpl.java:43)
	at java.base/java.util.concurrent.ThreadPoolExecutor.runWorker(ThreadPoolExecutor.java:1135)
	at java.base/java.util.concurrent.ThreadPoolExecutor$Worker.run(ThreadPoolExecutor.java:635)
	at java.base/java.lang.Thread.run(Thread.java:844)
Caused by: org.hibernate.exception.GenericJDBCException: could not execute statement
	at org.hibernate.exception.internal.StandardSQLExceptionConverter.convert(StandardSQLExceptionConverter.java:47)
	at org.hibernate.engine.jdbc.spi.SqlExceptionHelper.convert(SqlExceptionHelper.java:113)
	at org.hibernate.engine.jdbc.spi.SqlExceptionHelper.convert(SqlExceptionHelper.java:99)
	at org.hibernate.engine.jdbc.internal.ResultSetReturnImpl.executeUpdate(ResultSetReturnImpl.java:178)
	at org.hibernate.engine.query.spi.NativeSQLQueryPlan.performExecuteUpdate(NativeSQLQueryPlan.java:107)
	at org.hibernate.internal.SessionImpl.executeNativeUpdate(SessionImpl.java:1593)
	at org.hibernate.query.internal.NativeQueryImpl.doExecuteUpdate(NativeQueryImpl.java:292)
	at org.hibernate.query.internal.AbstractProducedQuery.executeUpdate(AbstractProducedQuery.java:1584)
	at ru.sbt.cr.feeds.loader.dao.TableDefinitionDaoImpl.switchPartition(TableDefinitionDaoImpl.java:61)
	at ru.sbt.cr.feeds.loader.dao.TableDefinitionDaoImpl$$FastClassBySpringCGLIB$$99db5f84.invoke(<generated>)
	at org.springframework.cglib.proxy.MethodProxy.invoke(MethodProxy.java:218)
	at org.springframework.aop.framework.CglibAopProxy$CglibMethodInvocation.invokeJoinpoint(CglibAopProxy.java:749)
	at org.springframework.aop.framework.ReflectiveMethodInvocation.proceed(ReflectiveMethodInvocation.java:163)
	at org.springframework.dao.support.PersistenceExceptionTranslationInterceptor.invoke(PersistenceExceptionTranslationInterceptor.java:139)
	... 80 common frames omitted
Caused by: java.sql.SQLException: ORA-14098: index mismatch for tables in ALTER TABLE EXCHANGE PARTITION

	at oracle.jdbc.driver.T4CTTIoer11.processError(T4CTTIoer11.java:509)
	at oracle.jdbc.driver.T4CTTIoer11.processError(T4CTTIoer11.java:461)
	at oracle.jdbc.driver.T4C8Oall.processError(T4C8Oall.java:1104)
	at oracle.jdbc.driver.T4CTTIfun.receive(T4CTTIfun.java:553)
	at oracle.jdbc.driver.T4CTTIfun.doRPC(T4CTTIfun.java:269)
	at oracle.jdbc.driver.T4C8Oall.doOALL(T4C8Oall.java:655)
	at oracle.jdbc.driver.T4CPreparedStatement.doOall8(T4CPreparedStatement.java:270)
	at oracle.jdbc.driver.T4CPreparedStatement.doOall8(T4CPreparedStatement.java:91)
	at oracle.jdbc.driver.T4CPreparedStatement.executeForRows(T4CPreparedStatement.java:970)
	at oracle.jdbc.driver.OracleStatement.doExecuteWithTimeout(OracleStatement.java:1205)
	at oracle.jdbc.driver.OraclePreparedStatement.executeInternal(OraclePreparedStatement.java:3666)
	at oracle.jdbc.driver.T4CPreparedStatement.executeInternal(T4CPreparedStatement.java:1426)
	at oracle.jdbc.driver.OraclePreparedStatement.executeLargeUpdate(OraclePreparedStatement.java:3756)
	at oracle.jdbc.driver.OraclePreparedStatement.executeUpdate(OraclePreparedStatement.java:3736)
	at oracle.jdbc.driver.OraclePreparedStatementWrapper.executeUpdate(OraclePreparedStatementWrapper.java:1063)
	at com.zaxxer.hikari.pool.ProxyPreparedStatement.executeUpdate(ProxyPreparedStatement.java:61)
	at com.zaxxer.hikari.pool.HikariProxyPreparedStatement.executeUpdate(HikariProxyPreparedStatement.java)
	at org.hibernate.engine.jdbc.internal.ResultSetReturnImpl.executeUpdate(ResultSetReturnImpl.java:175)
	... 90 common frames omitted
Caused by: oracle.jdbc.OracleDatabaseException: ORA-14098: index mismatch for tables in ALTER TABLE EXCHANGE PARTITION

	at oracle.jdbc.driver.T4CTTIoer11.processError(T4CTTIoer11.java:513)
	... 107 common frames omitted
2020-07-21 08:06:18,648 [pool-1-thread-4-cr-cor-alpha-feed] [1;31mERROR[0;39m [36mr.s.c.f.p.FeedTypeFilesProcessorImpl[0;39m Exception during files processing 
org.springframework.orm.jpa.JpaSystemException: could not execute statement; nested exception is org.hibernate.exception.GenericJDBCException: could not execute statement
	at org.springframework.orm.jpa.vendor.HibernateJpaDialect.convertHibernateAccessException(HibernateJpaDialect.java:351)
	at org.springframework.orm.jpa.vendor.HibernateJpaDialect.translateExceptionIfPossible(HibernateJpaDialect.java:253)
	at org.springframework.orm.jpa.AbstractEntityManagerFactoryBean.translateExceptionIfPossible(AbstractEntityManagerFactoryBean.java:527)
	at org.springframework.dao.support.ChainedPersistenceExceptionTranslator.translateExceptionIfPossible(ChainedPersistenceExceptionTranslator.java:61)
	at org.springframework.dao.support.DataAccessUtils.translateIfNecessary(DataAccessUtils.java:242)
	at org.springframework.dao.support.PersistenceExceptionTranslationInterceptor.invoke(PersistenceExceptionTranslationInterceptor.java:153)
	at org.springframework.aop.framework.ReflectiveMethodInvocation.proceed(ReflectiveMethodInvocation.java:186)
	at org.springframework.transaction.interceptor.TransactionAspectSupport.invokeWithinTransaction(TransactionAspectSupport.java:295)
	at org.springframework.transaction.interceptor.TransactionInterceptor.invoke(TransactionInterceptor.java:98)
	at org.springframework.aop.framework.ReflectiveMethodInvocation.proceed(ReflectiveMethodInvocation.java:186)
	at org.springframework.aop.framework.CglibAopProxy$DynamicAdvisedInterceptor.intercept(CglibAopProxy.java:688)
	at ru.sbt.cr.feeds.loader.dao.TableDefinitionDaoImpl$$EnhancerBySpringCGLIB$$56423ecd.switchPartition(<generated>)
	at ru.sbt.cr.feeds.loader.partition.PartitionLoaderImpl.switchExchangeTable(PartitionLoaderImpl.java:43)
	at ru.sbt.cr.feeds.loader.partition.PartitionLoaderImpl$$FastClassBySpringCGLIB$$4d408722.invoke(<generated>)
	at org.springframework.cglib.proxy.MethodProxy.invoke(MethodProxy.java:218)
	at org.springframework.aop.framework.CglibAopProxy$CglibMethodInvocation.invokeJoinpoint(CglibAopProxy.java:749)
	at org.springframework.aop.framework.ReflectiveMethodInvocation.proceed(ReflectiveMethodInvocation.java:163)
	at org.springframework.aop.aspectj.MethodInvocationProceedingJoinPoint.proceed(MethodInvocationProceedingJoinPoint.java:88)
	at ru.sbt.cr.feeds.audit.impl.FeedTypeAuditInterceptor.invoke(FeedTypeAuditInterceptor.java:46)
	at jdk.internal.reflect.GeneratedMethodAccessor306.invoke(Unknown Source)
	at java.base/jdk.internal.reflect.DelegatingMethodAccessorImpl.invoke(DelegatingMethodAccessorImpl.java:43)
	at java.base/java.lang.reflect.Method.invoke(Method.java:564)
	at org.springframework.aop.aspectj.AbstractAspectJAdvice.invokeAdviceMethodWithGivenArgs(AbstractAspectJAdvice.java:644)
	at org.springframework.aop.aspectj.AbstractAspectJAdvice.invokeAdviceMethod(AbstractAspectJAdvice.java:633)
	at org.springframework.aop.aspectj.AspectJAroundAdvice.invoke(AspectJAroundAdvice.java:70)
	at org.springframework.aop.framework.ReflectiveMethodInvocation.proceed(ReflectiveMethodInvocation.java:175)
	at org.springframework.aop.interceptor.ExposeInvocationInterceptor.invoke(ExposeInvocationInterceptor.java:93)
	at org.springframework.aop.framework.ReflectiveMethodInvocation.proceed(ReflectiveMethodInvocation.java:186)
	at org.springframework.aop.framework.CglibAopProxy$DynamicAdvisedInterceptor.intercept(CglibAopProxy.java:688)
	at ru.sbt.cr.feeds.loader.partition.PartitionLoaderImpl$$EnhancerBySpringCGLIB$$b358e9f1.switchExchangeTable(<generated>)
	at ru.sbt.cr.feeds.loader.buffer.PartitionBufferLoaderStrategy.load(PartitionBufferLoaderStrategy.java:38)
	at ru.sbt.cr.feeds.loader.strategy.DefaultDatesLoadingStrategy.lambda$load$0(DefaultDatesLoadingStrategy.java:26)
	at java.base/java.util.stream.ReferencePipeline$4$1.accept(ReferencePipeline.java:212)
	at java.base/java.util.HashMap$KeySpliterator.forEachRemaining(HashMap.java:1608)
	at java.base/java.util.stream.AbstractPipeline.copyInto(AbstractPipeline.java:484)
	at java.base/java.util.stream.AbstractPipeline.wrapAndCopyInto(AbstractPipeline.java:474)
	at java.base/java.util.stream.ReduceOps$ReduceOp.evaluateSequential(ReduceOps.java:913)
	at java.base/java.util.stream.AbstractPipeline.evaluate(AbstractPipeline.java:234)
	at java.base/java.util.stream.IntPipeline.reduce(IntPipeline.java:491)
	at java.base/java.util.stream.IntPipeline.sum(IntPipeline.java:449)
	at ru.sbt.cr.feeds.loader.strategy.DefaultDatesLoadingStrategy.load(DefaultDatesLoadingStrategy.java:27)
	at ru.sbt.cr.feeds.loader.service.FeedLoaderService.load(FeedLoaderService.java:77)
	at ru.sbt.cr.feeds.processor.post.file.BufferedTableLoadingPostProcessor.onSuccess(BufferedTableLoadingPostProcessor.java:21)
	at ru.sbt.cr.feeds.processor.impl.CompositeImportDsvPostProcessor.lambda$onSuccess$0(CompositeImportDsvPostProcessor.java:15)
	at java.base/java.util.ArrayList.forEach(ArrayList.java:1378)
	at ru.sbt.cr.feeds.processor.impl.CompositeImportDsvPostProcessor.onSuccess(CompositeImportDsvPostProcessor.java:15)
	at ru.sbt.cr.feeds.processor.FeedTypeFilesProcessorImpl.processFeedType(FeedTypeFilesProcessorImpl.java:62)
	at ru.sbt.cr.feeds.tkt.runner.TktImportFeedRunner.processFeedTypeData(TktImportFeedRunner.java:76)
	at ru.sbt.cr.feeds.tkt.runner.TktImportFeedRunner.lambda$process$1(TktImportFeedRunner.java:69)
	at java.base/java.util.stream.ReferencePipeline$3$1.accept(ReferencePipeline.java:195)
	at java.base/java.util.stream.ReferencePipeline$2$1.accept(ReferencePipeline.java:177)
	at java.base/java.util.ArrayList$ArrayListSpliterator.forEachRemaining(ArrayList.java:1492)
	at java.base/java.util.stream.AbstractPipeline.copyInto(AbstractPipeline.java:484)
	at java.base/java.util.stream.AbstractPipeline.wrapAndCopyInto(AbstractPipeline.java:474)
	at java.base/java.util.stream.ReduceOps$ReduceOp.evaluateSequential(ReduceOps.java:913)
	at java.base/java.util.stream.AbstractPipeline.evaluate(AbstractPipeline.java:234)
	at java.base/java.util.stream.ReferencePipeline.collect(ReferencePipeline.java:578)
	at ru.sbt.cr.feeds.tkt.runner.TktImportFeedRunner.process(TktImportFeedRunner.java:70)
	at ru.sbt.cr.feeds.tkt.runner.TktImportFeedRunner.runFeed(TktImportFeedRunner.java:53)
	at ru.sbt.cr.feeds.tkt.runner.TktImportFeedRunner$$FastClassBySpringCGLIB$$4c30ff47.invoke(<generated>)
	at org.springframework.cglib.proxy.MethodProxy.invoke(MethodProxy.java:218)
	at org.springframework.aop.framework.CglibAopProxy$CglibMethodInvocation.invokeJoinpoint(CglibAopProxy.java:749)
	at org.springframework.aop.framework.ReflectiveMethodInvocation.proceed(ReflectiveMethodInvocation.java:163)
	at org.springframework.aop.aspectj.MethodInvocationProceedingJoinPoint.proceed(MethodInvocationProceedingJoinPoint.java:88)
	at ru.sbt.cr.feeds.audit.impl.FeedAuditInterceptor.invoke(FeedAuditInterceptor.java:45)
	at java.base/jdk.internal.reflect.NativeMethodAccessorImpl.invoke0(Native Method)
	at java.base/jdk.internal.reflect.NativeMethodAccessorImpl.invoke(NativeMethodAccessorImpl.java:62)
	at java.base/jdk.internal.reflect.DelegatingMethodAccessorImpl.invoke(DelegatingMethodAccessorImpl.java:43)
	at java.base/java.lang.reflect.Method.invoke(Method.java:564)
	at org.springframework.aop.aspectj.AbstractAspectJAdvice.invokeAdviceMethodWithGivenArgs(AbstractAspectJAdvice.java:644)
	at org.springframework.aop.aspectj.AbstractAspectJAdvice.invokeAdviceMethod(AbstractAspectJAdvice.java:633)
	at org.springframework.aop.aspectj.AspectJAroundAdvice.invoke(AspectJAroundAdvice.java:70)
	at org.springframework.aop.framework.ReflectiveMethodInvocation.proceed(ReflectiveMethodInvocation.java:175)
	at org.springframework.aop.interceptor.ExposeInvocationInterceptor.invoke(ExposeInvocationInterceptor.java:93)
	at org.springframework.aop.framework.ReflectiveMethodInvocation.proceed(ReflectiveMethodInvocation.java:186)
	at org.springframework.aop.framework.CglibAopProxy$DynamicAdvisedInterceptor.intercept(CglibAopProxy.java:688)
	at ru.sbt.cr.feeds.tkt.runner.TktImportFeedRunner$$EnhancerBySpringCGLIB$$43b01180.runFeed(<generated>)
	at ru.sbt.cr.feeds.ImportFeed.run(ImportFeed.java:28)
	at tasks.runner.TaskProviderImpl$Task.lambda$run$3(TaskProviderImpl.java:70)
	at tasks.runner.TaskProviderImpl$Task.withinTaskClassloader(TaskProviderImpl.java:83)
	at tasks.runner.TaskProviderImpl$Task.run(TaskProviderImpl.java:69)
	at tasks.runner.TaskProviderImpl.run(TaskProviderImpl.java:31)
	at tasks.runner.TaskExecutorImpl.lambda$runTask$0(TaskExecutorImpl.java:43)
	at java.base/java.util.concurrent.ThreadPoolExecutor.runWorker(ThreadPoolExecutor.java:1135)
	at java.base/java.util.concurrent.ThreadPoolExecutor$Worker.run(ThreadPoolExecutor.java:635)
	at java.base/java.lang.Thread.run(Thread.java:844)
Caused by: org.hibernate.exception.GenericJDBCException: could not execute statement
	at org.hibernate.exception.internal.StandardSQLExceptionConverter.convert(StandardSQLExceptionConverter.java:47)
	at org.hibernate.engine.jdbc.spi.SqlExceptionHelper.convert(SqlExceptionHelper.java:113)
	at org.hibernate.engine.jdbc.spi.SqlExceptionHelper.convert(SqlExceptionHelper.java:99)
	at org.hibernate.engine.jdbc.internal.ResultSetReturnImpl.executeUpdate(ResultSetReturnImpl.java:178)
	at org.hibernate.engine.query.spi.NativeSQLQueryPlan.performExecuteUpdate(NativeSQLQueryPlan.java:107)
	at org.hibernate.internal.SessionImpl.executeNativeUpdate(SessionImpl.java:1593)
	at org.hibernate.query.internal.NativeQueryImpl.doExecuteUpdate(NativeQueryImpl.java:292)
	at org.hibernate.query.internal.AbstractProducedQuery.executeUpdate(AbstractProducedQuery.java:1584)
	at ru.sbt.cr.feeds.loader.dao.TableDefinitionDaoImpl.switchPartition(TableDefinitionDaoImpl.java:61)
	at ru.sbt.cr.feeds.loader.dao.TableDefinitionDaoImpl$$FastClassBySpringCGLIB$$99db5f84.invoke(<generated>)
	at org.springframework.cglib.proxy.MethodProxy.invoke(MethodProxy.java:218)
	at org.springframework.aop.framework.CglibAopProxy$CglibMethodInvocation.invokeJoinpoint(CglibAopProxy.java:749)
	at org.springframework.aop.framework.ReflectiveMethodInvocation.proceed(ReflectiveMethodInvocation.java:163)
	at org.springframework.dao.support.PersistenceExceptionTranslationInterceptor.invoke(PersistenceExceptionTranslationInterceptor.java:139)
	... 80 common frames omitted
Caused by: java.sql.SQLException: ORA-14098: index mismatch for tables in ALTER TABLE EXCHANGE PARTITION

	at oracle.jdbc.driver.T4CTTIoer11.processError(T4CTTIoer11.java:509)
	at oracle.jdbc.driver.T4CTTIoer11.processError(T4CTTIoer11.java:461)
	at oracle.jdbc.driver.T4C8Oall.processError(T4C8Oall.java:1104)
	at oracle.jdbc.driver.T4CTTIfun.receive(T4CTTIfun.java:553)
	at oracle.jdbc.driver.T4CTTIfun.doRPC(T4CTTIfun.java:269)
	at oracle.jdbc.driver.T4C8Oall.doOALL(T4C8Oall.java:655)
	at oracle.jdbc.driver.T4CPreparedStatement.doOall8(T4CPreparedStatement.java:270)
	at oracle.jdbc.driver.T4CPreparedStatement.doOall8(T4CPreparedStatement.java:91)
	at oracle.jdbc.driver.T4CPreparedStatement.executeForRows(T4CPreparedStatement.java:970)
	at oracle.jdbc.driver.OracleStatement.doExecuteWithTimeout(OracleStatement.java:1205)
	at oracle.jdbc.driver.OraclePreparedStatement.executeInternal(OraclePreparedStatement.java:3666)
	at oracle.jdbc.driver.T4CPreparedStatement.executeInternal(T4CPreparedStatement.java:1426)
	at oracle.jdbc.driver.OraclePreparedStatement.executeLargeUpdate(OraclePreparedStatement.java:3756)
	at oracle.jdbc.driver.OraclePreparedStatement.executeUpdate(OraclePreparedStatement.java:3736)
	at oracle.jdbc.driver.OraclePreparedStatementWrapper.executeUpdate(OraclePreparedStatementWrapper.java:1063)
	at com.zaxxer.hikari.pool.ProxyPreparedStatement.executeUpdate(ProxyPreparedStatement.java:61)
	at com.zaxxer.hikari.pool.HikariProxyPreparedStatement.executeUpdate(HikariProxyPreparedStatement.java)
	at org.hibernate.engine.jdbc.internal.ResultSetReturnImpl.executeUpdate(ResultSetReturnImpl.java:175)
	... 90 common frames omitted
Caused by: oracle.jdbc.OracleDatabaseException: ORA-14098: index mismatch for tables in ALTER TABLE EXCHANGE PARTITION

	at oracle.jdbc.driver.T4CTTIoer11.processError(T4CTTIoer11.java:513)
	... 107 common frames omitted
2020-07-21 08:06:18,649 [pool-1-thread-4-cr-cor-alpha-feed] [39mDEBUG[0;39m [36mr.s.c.f.t.r.TktImportFeedRunner[0;39m Processed feed type result: FeedTypeProcessingResult(businessDates=null, itemsCount=-1) 
2020-07-21 08:06:18,649 [pool-1-thread-4-cr-cor-alpha-feed] [34mINFO [0;39m [36mr.s.c.f.p.FeedTypeFilesProcessorImpl[0;39m Processing '[/home/cr_alpha_feeds/tfs_prom/to/ADWH/Iskra/DMMIS2CRC_IS0141A_20200717_20200721075133_0001_0004_agtopictreemat.gz]' ... 
